<?xml version="1.0" encoding="UTF-8"?>
<!-- Generated by org.testng.reporters.JUnitReportReporter -->
<testsuite hostname="DESKTOP-HBPLV5H" failures="0" tests="1" name="com.carwaletest.UserAccount" time="23.357" errors="0" timestamp="2023-01-14T15:35:16 IST" skipped="0">
  <testcase classname="com.carwaletest.UserAccount" name="SelectCar" time="23.357"/>
  <system-out/>
</testsuite> <!-- com.carwaletest.UserAccount -->
